<?xml version="1.0" encoding="UTF-8"?>
<coverage generated="1630501825523" clover="3.2.0">
  <project timestamp="1630501825523" name="All files">
    <metrics statements="20" coveredstatements="20" conditionals="2" coveredconditionals="2" methods="11" coveredmethods="11" elements="33" coveredelements="33" complexity="0" loc="20" ncloc="20" packages="1" files="3" classes="3"/>
    <file name="CitySearch.js" path="/Users/clara/Desktop/CareerFoundry/Full-Stack Immersion/meet/src/CitySearch.js">
      <metrics statements="13" coveredstatements="13" conditionals="2" coveredconditionals="2" methods="8" coveredmethods="8"/>
      <line num="4" count="5" type="stmt"/>
      <line num="9" count="5" type="stmt"/>
      <line num="10" count="2" type="stmt"/>
      <line num="11" count="2" type="stmt"/>
      <line num="12" count="4" type="stmt"/>
      <line num="14" count="2" type="stmt"/>
      <line num="19" count="5" type="stmt"/>
      <line num="20" count="4" type="stmt"/>
      <line num="24" count="4" type="stmt"/>
      <line num="27" count="22" type="stmt"/>
      <line num="34" count="1" type="stmt"/>
      <line num="38" count="17" type="stmt"/>
      <line num="40" count="1" type="stmt"/>
    </file>
    <file name="api.js" path="/Users/clara/Desktop/CareerFoundry/Full-Stack Immersion/meet/src/api.js">
      <metrics statements="6" coveredstatements="6" conditionals="0" coveredconditionals="0" methods="3" coveredmethods="3"/>
      <line num="12" count="2" type="stmt"/>
      <line num="13" count="12" type="stmt"/>
      <line num="14" count="6" type="stmt"/>
      <line num="15" count="6" type="stmt"/>
      <line num="18" count="2" type="stmt"/>
      <line num="19" count="9" type="stmt"/>
    </file>
    <file name="mock-data.js" path="/Users/clara/Desktop/CareerFoundry/Full-Stack Immersion/meet/src/mock-data.js">
      <metrics statements="1" coveredstatements="1" conditionals="0" coveredconditionals="0" methods="0" coveredmethods="0"/>
      <line num="1" count="2" type="stmt"/>
    </file>
  </project>
</coverage>
