{"/Users/clara/Desktop/CareerFoundry/Full-Stack Immersion/meet/src/CitySearch.js": {"path":"/Users/clara/Desktop/CareerFoundry/Full-Stack Immersion/meet/src/CitySearch.js","statementMap":{"0":{"start":{"line":4,"column":10},"end":{"line":8,"column":3}},"1":{"start":{"line":9,"column":23},"end":{"line":18,"column":3}},"2":{"start":{"line":10,"column":18},"end":{"line":10,"column":36}},"3":{"start":{"line":11,"column":24},"end":{"line":13,"column":6}},"4":{"start":{"line":12,"column":6},"end":{"line":12,"column":70}},"5":{"start":{"line":14,"column":4},"end":{"line":17,"column":7}},"6":{"start":{"line":19,"column":22},"end":{"line":25,"column":3}},"7":{"start":{"line":20,"column":4},"end":{"line":23,"column":7}},"8":{"start":{"line":24,"column":4},"end":{"line":24,"column":40}},"9":{"start":{"line":27,"column":4},"end":{"line":45,"column":6}},"10":{"start":{"line":34,"column":27},"end":{"line":34,"column":67}},"11":{"start":{"line":38,"column":12},"end":{"line":38,"column":101}},"12":{"start":{"line":38,"column":48},"end":{"line":38,"column":82}},"13":{"start":{"line":40,"column":29},"end":{"line":40,"column":58}}},"fnMap":{"0":{"name":"(anonymous_0)","decl":{"start":{"line":9,"column":23},"end":{"line":9,"column":24}},"loc":{"start":{"line":9,"column":34},"end":{"line":18,"column":3}},"line":9},"1":{"name":"(anonymous_1)","decl":{"start":{"line":11,"column":52},"end":{"line":11,"column":53}},"loc":{"start":{"line":11,"column":66},"end":{"line":13,"column":5}},"line":11},"2":{"name":"(anonymous_2)","decl":{"start":{"line":19,"column":22},"end":{"line":19,"column":23}},"loc":{"start":{"line":19,"column":38},"end":{"line":25,"column":3}},"line":19},"3":{"name":"(anonymous_3)","decl":{"start":{"line":26,"column":2},"end":{"line":26,"column":3}},"loc":{"start":{"line":26,"column":11},"end":{"line":46,"column":3}},"line":26},"4":{"name":"(anonymous_4)","decl":{"start":{"line":34,"column":19},"end":{"line":34,"column":20}},"loc":{"start":{"line":34,"column":25},"end":{"line":34,"column":69}},"line":34},"5":{"name":"(anonymous_5)","decl":{"start":{"line":37,"column":38},"end":{"line":37,"column":39}},"loc":{"start":{"line":38,"column":12},"end":{"line":38,"column":101}},"line":38},"6":{"name":"(anonymous_6)","decl":{"start":{"line":38,"column":42},"end":{"line":38,"column":43}},"loc":{"start":{"line":38,"column":48},"end":{"line":38,"column":82}},"line":38},"7":{"name":"(anonymous_7)","decl":{"start":{"line":40,"column":23},"end":{"line":40,"column":24}},"loc":{"start":{"line":40,"column":29},"end":{"line":40,"column":58}},"line":40}},"branchMap":{"0":{"loc":{"start":{"line":36,"column":43},"end":{"line":36,"column":96}},"type":"cond-expr","locations":[{"start":{"line":36,"column":72},"end":{"line":36,"column":74}},{"start":{"line":36,"column":77},"end":{"line":36,"column":96}}],"line":36}},"s":{"0":5,"1":5,"2":2,"3":2,"4":4,"5":2,"6":5,"7":4,"8":4,"9":22,"10":1,"11":17,"12":2,"13":1},"f":{"0":2,"1":4,"2":4,"3":22,"4":1,"5":17,"6":2,"7":1},"b":{"0":[1,21]},"_coverageSchema":"1a1c01bbd47fc00a2c39e90264f33305004495a9","hash":"2d1b74f12e51e5259b0b857f063598f29f7e6a61"}
,"/Users/clara/Desktop/CareerFoundry/Full-Stack Immersion/meet/src/api.js": {"path":"/Users/clara/Desktop/CareerFoundry/Full-Stack Immersion/meet/src/api.js","statementMap":{"0":{"start":{"line":12,"column":32},"end":{"line":16,"column":1}},"1":{"start":{"line":13,"column":25},"end":{"line":13,"column":62}},"2":{"start":{"line":13,"column":47},"end":{"line":13,"column":61}},"3":{"start":{"line":14,"column":18},"end":{"line":14,"column":48}},"4":{"start":{"line":15,"column":2},"end":{"line":15,"column":19}},"5":{"start":{"line":18,"column":25},"end":{"line":20,"column":1}},"6":{"start":{"line":19,"column":2},"end":{"line":19,"column":18}}},"fnMap":{"0":{"name":"(anonymous_0)","decl":{"start":{"line":12,"column":32},"end":{"line":12,"column":33}},"loc":{"start":{"line":12,"column":44},"end":{"line":16,"column":1}},"line":12},"1":{"name":"(anonymous_1)","decl":{"start":{"line":13,"column":36},"end":{"line":13,"column":37}},"loc":{"start":{"line":13,"column":47},"end":{"line":13,"column":61}},"line":13},"2":{"name":"(anonymous_2)","decl":{"start":{"line":18,"column":25},"end":{"line":18,"column":26}},"loc":{"start":{"line":18,"column":37},"end":{"line":20,"column":1}},"line":18}},"branchMap":{},"s":{"0":2,"1":6,"2":12,"3":6,"4":6,"5":2,"6":9},"f":{"0":6,"1":12,"2":9},"b":{},"_coverageSchema":"1a1c01bbd47fc00a2c39e90264f33305004495a9","hash":"e2ab0aeaf69e1b09fba5010c6e54b0cbc3a1b0ba"}
,"/Users/clara/Desktop/CareerFoundry/Full-Stack Immersion/meet/src/mock-data.js": {"path":"/Users/clara/Desktop/CareerFoundry/Full-Stack Immersion/meet/src/mock-data.js","statementMap":{"0":{"start":{"line":1,"column":17},"end":{"line":80,"column":1}}},"fnMap":{},"branchMap":{},"s":{"0":2},"f":{},"b":{},"_coverageSchema":"1a1c01bbd47fc00a2c39e90264f33305004495a9","hash":"7a0969f8c3e34693b72445b7da54fe685783df5f"}
}
